This is pdfTeX, Version 3.141592653-2.6-1.40.24 (TeX Live 2022/nixos.org) (preloaded format=pdflatex 1980.1.1)  29 JAN 2024 14:55
entering extended mode
 restricted \write18 enabled.
 file:line:error style messages enabled.
 %&-line parsing enabled.
**ifacconf.tex
(./ifacconf.tex
LaTeX2e <2022-11-01> patch level 1
L3 programming layer <2023-02-22> (./ifacconf.cls
Document Class: ifacconf 2022/02/11, 1.3: IFAC-PapersOnline

\@frontmatterwidth=\dimen140
\@bls=\dimen141
\eqntopsep=\skip48
\eqnarraycolsep=\dimen142
\labelwidthi=\dimen143
\labelwidthii=\dimen144
\labelwidthiii=\dimen145
\labelwidthiv=\dimen146
\@maxlistdepth=\count185
\eqnbaselineskip=\skip49
\eqnlineskip=\skip50
\mathindent=\dimen147
\rulepreskip=\dimen148
\rulepostskip=\dimen149
\Arrayrulewidth=\dimen150
\crulepostskip=\dimen151
\@Ldec=\dimen152
\@Rdec=\dimen153
\@Lpmdec=\dimen154
\@Rpmdec=\dimen155
\c@section=\count186
\c@subsection=\count187
\c@subsubsection=\count188
\c@paragraph=\count189
\c@subparagraph=\count190

(/nix/store/hq50wzi3ld20j4gjxb66jmab8rxfvp75-texlive-combined-2022-texmfdist/te
x/latex/tools/theorem.sty
Package: theorem 2014/10/28 v2.2c Theorem extension package (FMi)
\theorem@style=\toks16
\theorem@bodyfont=\toks17
\theorempreskipamount=\skip51
\theorempostskipamount=\skip52

(/nix/store/hq50wzi3ld20j4gjxb66jmab8rxfvp75-texlive-combined-2022-texmfdist/te
x/latex/tools/thp.sty
File: thp.sty 2014/10/28 v2.2c Theorem extension package (FMi)
))
(/nix/store/hq50wzi3ld20j4gjxb66jmab8rxfvp75-texlive-combined-2022-texmfdist/te
x/latex/base/newlfont.sty
Package: newlfont 1998/08/17 v2.2m Standard LaTeX package
LaTeX Info: Redefining \em on input line 57.

(/nix/store/hq50wzi3ld20j4gjxb66jmab8rxfvp75-texlive-combined-2022-texmfdist/te
x/latex/base/latexsym.sty
Package: latexsym 1998/08/17 v2.2e Standard LaTeX package (lasy symbols)
\symlasy=\mathgroup4
LaTeX Font Info:    Overwriting symbol font `lasy' in version `bold'
(Font)                  U/lasy/m/n --> U/lasy/b/n on input line 52.
))
LaTeX Info: Redefining \rm on input line 596.
LaTeX Info: Redefining \sf on input line 597.
LaTeX Info: Redefining \tt on input line 598.
LaTeX Info: Redefining \bf on input line 599.
LaTeX Info: Redefining \it on input line 600.
LaTeX Info: Redefining \sl on input line 601.
LaTeX Info: Redefining \sc on input line 602.
\c@thm=\count191
\c@alg=\count192
\c@algorithm=\count193
\c@note=\count194
\c@summ=\count195
\c@case=\count196
\@tempcntc=\count197
\c@figure=\count198
\c@table=\count199
\t@glob@notes=\toks18
\t@loc@notes=\toks19
\note@cnt=\count266
\c@author=\count267
\n@author=\count268
\c@collab=\count269
\n@collab=\count270
\c@address=\count271
\sv@mathsurround=\dimen156
\sv@hyphenpenalty=\count272
\prev@elem=\count273
\cur@elem=\count274
\fm@box=\box51
\fm@size=\dimen157
\t@abstract=\box52
\t@keyword=\box53
\rep@mod=\count275
\t@xtheight=\dimen158
\@logoheight=\dimen159
\@pubyear=\count276
\c@firstpage=\count277
\c@lastpage=\count278
\slashbox=\box54
LaTeX Font Info:    External font `cmex10' loaded for size
(Font)              <7> on input line 1508.
LaTeX Font Info:    External font `cmex10' loaded for size
(Font)              <5> on input line 1508.
LaTeX Font Info:    Trying to load font information for U+lasy on input line 15
08.

(/nix/store/hq50wzi3ld20j4gjxb66jmab8rxfvp75-texlive-combined-2022-texmfdist/te
x/latex/base/ulasy.fd
File: ulasy.fd 1998/08/17 v2.2e LaTeX symbol font definitions
)
\Slashbox=\box55
LaTeX Font Info:    External font `cmex10' loaded for size
(Font)              <12> on input line 1509.
LaTeX Font Info:    External font `cmex10' loaded for size
(Font)              <8> on input line 1509.
LaTeX Font Info:    External font `cmex10' loaded for size
(Font)              <6> on input line 1509.
\@frontindent=\dimen160
)
(/nix/store/hq50wzi3ld20j4gjxb66jmab8rxfvp75-texlive-combined-2022-texmfdist/te
x/latex/graphics/graphicx.sty
Package: graphicx 2021/09/16 v1.2d Enhanced LaTeX Graphics (DPC,SPQR)

(/nix/store/hq50wzi3ld20j4gjxb66jmab8rxfvp75-texlive-combined-2022-texmfdist/te
x/latex/graphics/keyval.sty
Package: keyval 2022/05/29 v1.15 key=value parser (DPC)
\KV@toks@=\toks20
)
(/nix/store/hq50wzi3ld20j4gjxb66jmab8rxfvp75-texlive-combined-2022-texmfdist/te
x/latex/graphics/graphics.sty
Package: graphics 2022/03/10 v1.4e Standard LaTeX Graphics (DPC,SPQR)

(/nix/store/hq50wzi3ld20j4gjxb66jmab8rxfvp75-texlive-combined-2022-texmfdist/te
x/latex/graphics/trig.sty
Package: trig 2021/08/11 v1.11 sin cos tan (DPC)
)
(/nix/store/hq50wzi3ld20j4gjxb66jmab8rxfvp75-texlive-combined-2022-texmfdist/te
x/latex/graphics-cfg/graphics.cfg
File: graphics.cfg 2016/06/04 v1.11 sample graphics configuration
)
Package graphics Info: Driver file: pdftex.def on input line 107.

(/nix/store/hq50wzi3ld20j4gjxb66jmab8rxfvp75-texlive-combined-2022-texmfdist/te
x/latex/graphics-def/pdftex.def
File: pdftex.def 2022/09/22 v1.2b Graphics/color driver for pdftex
))
\Gin@req@height=\dimen161
\Gin@req@width=\dimen162
)
(/nix/store/hq50wzi3ld20j4gjxb66jmab8rxfvp75-texlive-combined-2022-texmfdist/te
x/latex/natbib/natbib.sty
Package: natbib 2010/09/13 8.31b (PWD, AO)
\bibhang=\skip53
\bibsep=\skip54
LaTeX Info: Redefining \cite on input line 694.
\c@NAT@ctr=\count279
)
(/nix/store/hq50wzi3ld20j4gjxb66jmab8rxfvp75-texlive-combined-2022-texmfdist/te
x/latex/hyperref/hyperref.sty
Package: hyperref 2023-02-07 v7.00v Hypertext links for LaTeX

(/nix/store/hq50wzi3ld20j4gjxb66jmab8rxfvp75-texlive-combined-2022-texmfdist/te
x/generic/ltxcmds/ltxcmds.sty
Package: ltxcmds 2020-05-10 v1.25 LaTeX kernel commands for general use (HO)
)
(/nix/store/hq50wzi3ld20j4gjxb66jmab8rxfvp75-texlive-combined-2022-texmfdist/te
x/generic/iftex/iftex.sty
Package: iftex 2022/02/03 v1.0f TeX engine tests
)
(/nix/store/hq50wzi3ld20j4gjxb66jmab8rxfvp75-texlive-combined-2022-texmfdist/te
x/generic/pdftexcmds/pdftexcmds.sty
Package: pdftexcmds 2020-06-27 v0.33 Utility functions of pdfTeX for LuaTeX (HO
)

(/nix/store/hq50wzi3ld20j4gjxb66jmab8rxfvp75-texlive-combined-2022-texmfdist/te
x/generic/infwarerr/infwarerr.sty
Package: infwarerr 2019/12/03 v1.5 Providing info/warning/error messages (HO)
)
Package pdftexcmds Info: \pdf@primitive is available.
Package pdftexcmds Info: \pdf@ifprimitive is available.
Package pdftexcmds Info: \pdfdraftmode found.
)
(/nix/store/hq50wzi3ld20j4gjxb66jmab8rxfvp75-texlive-combined-2022-texmfdist/te
x/latex/kvsetkeys/kvsetkeys.sty
Package: kvsetkeys 2022-10-05 v1.19 Key value parser (HO)
)
(/nix/store/hq50wzi3ld20j4gjxb66jmab8rxfvp75-texlive-combined-2022-texmfdist/te
x/generic/kvdefinekeys/kvdefinekeys.sty
Package: kvdefinekeys 2019-12-19 v1.6 Define keys (HO)
)
(/nix/store/hq50wzi3ld20j4gjxb66jmab8rxfvp75-texlive-combined-2022-texmfdist/te
x/generic/pdfescape/pdfescape.sty
Package: pdfescape 2019/12/09 v1.15 Implements pdfTeX's escape features (HO)
)
(/nix/store/hq50wzi3ld20j4gjxb66jmab8rxfvp75-texlive-combined-2022-texmfdist/te
x/latex/hycolor/hycolor.sty
Package: hycolor 2020-01-27 v1.10 Color options for hyperref/bookmark (HO)
)
(/nix/store/hq50wzi3ld20j4gjxb66jmab8rxfvp75-texlive-combined-2022-texmfdist/te
x/latex/letltxmacro/letltxmacro.sty
Package: letltxmacro 2019/12/03 v1.6 Let assignment for LaTeX macros (HO)
)
(/nix/store/hq50wzi3ld20j4gjxb66jmab8rxfvp75-texlive-combined-2022-texmfdist/te
x/latex/auxhook/auxhook.sty
Package: auxhook 2019-12-17 v1.6 Hooks for auxiliary files (HO)
)
(/nix/store/hq50wzi3ld20j4gjxb66jmab8rxfvp75-texlive-combined-2022-texmfdist/te
x/latex/hyperref/nameref.sty
Package: nameref 2022-05-17 v2.50 Cross-referencing by name of section

(/nix/store/hq50wzi3ld20j4gjxb66jmab8rxfvp75-texlive-combined-2022-texmfdist/te
x/latex/refcount/refcount.sty
Package: refcount 2019/12/15 v3.6 Data extraction from label references (HO)
)
(/nix/store/hq50wzi3ld20j4gjxb66jmab8rxfvp75-texlive-combined-2022-texmfdist/te
x/generic/gettitlestring/gettitlestring.sty
Package: gettitlestring 2019/12/15 v1.6 Cleanup title references (HO)

(/nix/store/hq50wzi3ld20j4gjxb66jmab8rxfvp75-texlive-combined-2022-texmfdist/te
x/latex/kvoptions/kvoptions.sty
Package: kvoptions 2022-06-15 v3.15 Key value format for package options (HO)
))
\c@section@level=\count280
)
\@linkdim=\dimen163
\Hy@linkcounter=\count281
\Hy@pagecounter=\count282

(/nix/store/hq50wzi3ld20j4gjxb66jmab8rxfvp75-texlive-combined-2022-texmfdist/te
x/latex/hyperref/pd1enc.def
File: pd1enc.def 2023-02-07 v7.00v Hyperref: PDFDocEncoding definition (HO)
Now handling font encoding PD1 ...
... no UTF-8 mapping file for font encoding PD1
)
(/nix/store/hq50wzi3ld20j4gjxb66jmab8rxfvp75-texlive-combined-2022-texmfdist/te
x/generic/intcalc/intcalc.sty
Package: intcalc 2019/12/15 v1.3 Expandable calculations with integers (HO)
)
(/nix/store/hq50wzi3ld20j4gjxb66jmab8rxfvp75-texlive-combined-2022-texmfdist/te
x/generic/etexcmds/etexcmds.sty
Package: etexcmds 2019/12/15 v1.7 Avoid name clashes with e-TeX commands (HO)
)
\Hy@SavedSpaceFactor=\count283

(/nix/store/hq50wzi3ld20j4gjxb66jmab8rxfvp75-texlive-combined-2022-texmfdist/te
x/latex/hyperref/puenc.def
File: puenc.def 2023-02-07 v7.00v Hyperref: PDF Unicode definition (HO)
Now handling font encoding PU ...
... no UTF-8 mapping file for font encoding PU
)
Package hyperref Info: Hyper figures OFF on input line 4177.
Package hyperref Info: Link nesting OFF on input line 4182.
Package hyperref Info: Hyper index ON on input line 4185.
Package hyperref Info: Plain pages OFF on input line 4192.
Package hyperref Info: Backreferencing OFF on input line 4197.
Package hyperref Info: Implicit mode ON; LaTeX internals redefined.
Package hyperref Info: Bookmarks ON on input line 4425.
\c@Hy@tempcnt=\count284

(/nix/store/hq50wzi3ld20j4gjxb66jmab8rxfvp75-texlive-combined-2022-texmfdist/te
x/latex/url/url.sty
\Urlmuskip=\muskip16
Package: url 2013/09/16  ver 3.4  Verb mode for urls, etc.
)
LaTeX Info: Redefining \url on input line 4763.
\XeTeXLinkMargin=\dimen164

(/nix/store/hq50wzi3ld20j4gjxb66jmab8rxfvp75-texlive-combined-2022-texmfdist/te
x/generic/bitset/bitset.sty
Package: bitset 2019/12/09 v1.3 Handle bit-vector datatype (HO)

(/nix/store/hq50wzi3ld20j4gjxb66jmab8rxfvp75-texlive-combined-2022-texmfdist/te
x/generic/bigintcalc/bigintcalc.sty
Package: bigintcalc 2019/12/15 v1.5 Expandable calculations on big integers (HO
)
))
\Fld@menulength=\count285
\Field@Width=\dimen165
\Fld@charsize=\dimen166
Package hyperref Info: Hyper figures OFF on input line 6042.
Package hyperref Info: Link nesting OFF on input line 6047.
Package hyperref Info: Hyper index ON on input line 6050.
Package hyperref Info: backreferencing OFF on input line 6057.
Package hyperref Info: Link coloring OFF on input line 6062.
Package hyperref Info: Link coloring with OCG OFF on input line 6067.
Package hyperref Info: PDF/A mode OFF on input line 6072.

(/nix/store/hq50wzi3ld20j4gjxb66jmab8rxfvp75-texlive-combined-2022-texmfdist/te
x/latex/base/atbegshi-ltx.sty
Package: atbegshi-ltx 2021/01/10 v1.0c Emulation of the original atbegshi
package with kernel methods
)
\Hy@abspage=\count286
\c@Item=\count287
\c@Hfootnote=\count288
)
Package hyperref Info: Driver (autodetected): hpdftex.

(/nix/store/hq50wzi3ld20j4gjxb66jmab8rxfvp75-texlive-combined-2022-texmfdist/te
x/latex/hyperref/hpdftex.def
File: hpdftex.def 2023-02-07 v7.00v Hyperref driver for pdfTeX

(/nix/store/hq50wzi3ld20j4gjxb66jmab8rxfvp75-texlive-combined-2022-texmfdist/te
x/latex/base/atveryend-ltx.sty
Package: atveryend-ltx 2020/08/19 v1.0a Emulation of the original atveryend pac
kage
with kernel methods
)
\Fld@listcount=\count289
\c@bookmark@seq@number=\count290

(/nix/store/hq50wzi3ld20j4gjxb66jmab8rxfvp75-texlive-combined-2022-texmfdist/te
x/latex/rerunfilecheck/rerunfilecheck.sty
Package: rerunfilecheck 2022-07-10 v1.10 Rerun checks for auxiliary files (HO)

(/nix/store/hq50wzi3ld20j4gjxb66jmab8rxfvp75-texlive-combined-2022-texmfdist/te
x/generic/uniquecounter/uniquecounter.sty
Package: uniquecounter 2019/12/15 v1.4 Provide unlimited unique counter (HO)
)
Package uniquecounter Info: New unique counter `rerunfilecheck' on input line 2
85.
)
\Hy@SectionHShift=\skip55
)
(/nix/store/hq50wzi3ld20j4gjxb66jmab8rxfvp75-texlive-combined-2022-texmfdist/te
x/latex/amsfonts/amssymb.sty
Package: amssymb 2013/01/14 v3.01 AMS font symbols

(/nix/store/hq50wzi3ld20j4gjxb66jmab8rxfvp75-texlive-combined-2022-texmfdist/te
x/latex/amsfonts/amsfonts.sty
Package: amsfonts 2013/01/14 v3.01 Basic AMSFonts support
\@emptytoks=\toks21
\symAMSa=\mathgroup5
\symAMSb=\mathgroup6
LaTeX Font Info:    Redeclaring math symbol \hbar on input line 98.
LaTeX Font Info:    Overwriting math alphabet `\mathfrak' in version `bold'
(Font)                  U/euf/m/n --> U/euf/b/n on input line 106.
))
(/nix/store/hq50wzi3ld20j4gjxb66jmab8rxfvp75-texlive-combined-2022-texmfdist/te
x/latex/comment/comment.sty
\CommentStream=\write3
 Excluding comment 'comment')
(/nix/store/hq50wzi3ld20j4gjxb66jmab8rxfvp75-texlive-combined-2022-texmfdist/te
x/latex/l3backend/l3backend-pdftex.def
File: l3backend-pdftex.def 2023-01-16 L3 backend support: PDF output (pdfTeX)
\l__color_backend_stack_int=\count291
\l__pdf_internal_box=\box56
) (./ifacconf.aux)
\openout1 = `ifacconf.aux'.

LaTeX Font Info:    Checking defaults for OML/cmm/m/it on input line 14.
LaTeX Font Info:    ... okay on input line 14.
LaTeX Font Info:    Checking defaults for OMS/cmsy/m/n on input line 14.
LaTeX Font Info:    ... okay on input line 14.
LaTeX Font Info:    Checking defaults for OT1/cmr/m/n on input line 14.
LaTeX Font Info:    ... okay on input line 14.
LaTeX Font Info:    Checking defaults for T1/cmr/m/n on input line 14.
LaTeX Font Info:    ... okay on input line 14.
LaTeX Font Info:    Checking defaults for TS1/cmr/m/n on input line 14.
LaTeX Font Info:    ... okay on input line 14.
LaTeX Font Info:    Checking defaults for OMX/cmex/m/n on input line 14.
LaTeX Font Info:    ... okay on input line 14.
LaTeX Font Info:    Checking defaults for U/cmr/m/n on input line 14.
LaTeX Font Info:    ... okay on input line 14.
LaTeX Font Info:    Checking defaults for PD1/pdf/m/n on input line 14.
LaTeX Font Info:    ... okay on input line 14.
LaTeX Font Info:    Checking defaults for PU/pdf/m/n on input line 14.
LaTeX Font Info:    ... okay on input line 14.

(/nix/store/hq50wzi3ld20j4gjxb66jmab8rxfvp75-texlive-combined-2022-texmfdist/te
x/context/base/mkii/supp-pdf.mkii
[Loading MPS to PDF converter (version 2006.09.02).]
\scratchcounter=\count292
\scratchdimen=\dimen167
\scratchbox=\box57
\nofMPsegments=\count293
\nofMParguments=\count294
\everyMPshowfont=\toks22
\MPscratchCnt=\count295
\MPscratchDim=\dimen168
\MPnumerator=\count296
\makeMPintoPDFobject=\count297
\everyMPtoPDFconversion=\toks23
)
(/nix/store/hq50wzi3ld20j4gjxb66jmab8rxfvp75-texlive-combined-2022-texmfdist/te
x/latex/epstopdf-pkg/epstopdf-base.sty
Package: epstopdf-base 2020-01-24 v2.11 Base part for package epstopdf
Package epstopdf-base Info: Redefining graphics rule for `.eps' on input line 4
85.

(/nix/store/hq50wzi3ld20j4gjxb66jmab8rxfvp75-texlive-combined-2022-texmfdist/te
x/latex/latexconfig/epstopdf-sys.cfg
File: epstopdf-sys.cfg 2010/07/13 v1.3 Configuration of (r)epstopdf for TeX Liv
e
))
Package hyperref Info: Link coloring OFF on input line 14.
 (./ifacconf.out) (./ifacconf.out)
\@outlinefile=\write4
\openout4 = `ifacconf.out'.

LaTeX Font Info:    Calculating math sizes for size <14> on input line 17.
LaTeX Font Info:    Trying to load font information for U+msa on input line 17.


(/nix/store/hq50wzi3ld20j4gjxb66jmab8rxfvp75-texlive-combined-2022-texmfdist/te
x/latex/amsfonts/umsa.fd
File: umsa.fd 2013/01/14 v3.01 AMS symbols A
)
LaTeX Font Info:    Trying to load font information for U+msb on input line 17.


(/nix/store/hq50wzi3ld20j4gjxb66jmab8rxfvp75-texlive-combined-2022-texmfdist/te
x/latex/amsfonts/umsb.fd
File: umsb.fd 2013/01/14 v3.01 AMS symbols B
)
\c@sv@footnote=\count298
<bifurcation.jpg, id=34, 670.505pt x 501.875pt>
File: bifurcation.jpg Graphic file (type jpg)
<use bifurcation.jpg>
Package pdftex.def Info: bifurcation.jpg  used on input line 64.
(pdftex.def)             Requested size: 239.00298pt x 178.89055pt.

Overfull \hbox (17.35872pt too wide) in paragraph at lines 72--73
[]\OT1/cmr/m/n/10 For Web ad-dresses:eg Arches -- []$\OT1/cmtt/m/n/10 https : /
 / www . archesproject .
 []

./ifacconf.tex:96: Illegal unit of measure (pt inserted).
<to be read again> 
                   \relax 
l.96 \begin{ack}
                
Dimensions can be in units of em, ex, in, pt, pc,
cm, mm, dd, cc, nd, nc, bp, or sp; but yours is a new one!
I'll assume that you meant to say pt, for printer's points.
To recover gracefully from this error, it's best to
delete the erroneous units; e.g., type `2' to delete
two letters. (See Chapter 27 of The TeXbook.)

(./ifacconf.bbl
./ifacconf.bbl:1: Illegal unit of measure (pt inserted).
<to be read again> 
                   \relax 
l.1 \begin{thebibliography}{3}
                              
Dimensions can be in units of em, ex, in, pt, pc,
cm, mm, dd, cc, nd, nc, bp, or sp; but yours is a new one!
I'll assume that you meant to say pt, for printer's points.
To recover gracefully from this error, it's best to
delete the erroneous units; e.g., type `2' to delete
two letters. (See Chapter 27 of The TeXbook.)


Underfull \hbox (badness 10000) in paragraph at lines 11--15
\OT1/cmtt/m/n/10 publications / electronic _ publications / cdwa /
 []

) [1{/nix/store/3y3iflivy5a4p7j1jy95d2g8jiisqk4a-texlive-combined-2022/share/te
xmf-var/fonts/map/pdftex/updmap/pdftex.map}

 <./bifurcation.jpg>]
(./ifacconf.aux)
Package rerunfilecheck Info: File `ifacconf.out' has not changed.
(rerunfilecheck)             Checksum: A9F7E4657831725FFC5373A0C0A369D9;681.
 ) 
Here is how much of TeX's memory you used:
 9679 strings out of 477475
 154501 string characters out of 5817042
 1868388 words of memory out of 5000000
 29782 multiletter control sequences out of 15000+600000
 521143 words of font info for 71 fonts, out of 8000000 for 9000
 319 hyphenation exceptions out of 8191
 75i,8n,76p,285b,431s stack positions out of 10000i,1000n,20000p,200000b,200000s
</nix/store/hq50wzi3ld20j4gjxb66jmab8rxfvp75-texlive-combined-2022-texmfdist/
fonts/type1/public/amsfonts/cm/cmbx10.pfb></nix/store/hq50wzi3ld20j4gjxb66jmab8
rxfvp75-texlive-combined-2022-texmfdist/fonts/type1/public/amsfonts/cm/cmbx12.p
fb></nix/store/hq50wzi3ld20j4gjxb66jmab8rxfvp75-texlive-combined-2022-texmfdist
/fonts/type1/public/amsfonts/cm/cmmi12.pfb></nix/store/hq50wzi3ld20j4gjxb66jmab
8rxfvp75-texlive-combined-2022-texmfdist/fonts/type1/public/amsfonts/cm/cmmi8.p
fb></nix/store/hq50wzi3ld20j4gjxb66jmab8rxfvp75-texlive-combined-2022-texmfdist
/fonts/type1/public/amsfonts/cm/cmr10.pfb></nix/store/hq50wzi3ld20j4gjxb66jmab8
rxfvp75-texlive-combined-2022-texmfdist/fonts/type1/public/amsfonts/cm/cmr8.pfb
></nix/store/hq50wzi3ld20j4gjxb66jmab8rxfvp75-texlive-combined-2022-texmfdist/f
onts/type1/public/amsfonts/cm/cmsy7.pfb></nix/store/hq50wzi3ld20j4gjxb66jmab8rx
fvp75-texlive-combined-2022-texmfdist/fonts/type1/public/amsfonts/cm/cmti10.pfb
></nix/store/hq50wzi3ld20j4gjxb66jmab8rxfvp75-texlive-combined-2022-texmfdist/f
onts/type1/public/amsfonts/cm/cmtt10.pfb>
Output written on ifacconf.pdf (1 page, 187323 bytes).
PDF statistics:
 112 PDF objects out of 1000 (max. 8388607)
 89 compressed objects within 1 object stream
 18 named destinations out of 1000 (max. 500000)
 54 words of extra memory for PDF output out of 10000 (max. 10000000)

